0 silly input [ 'publish' ]
1 silly flags { _: [ 'publish' ], 'reject-cycles': false, rejectCycles: false }
2 verbose rootPath c:\Work\devjam-2018
3 info version 2.11.0
4 silly isInitialized
5 silly isInitialized true
6 silly existsSync c:\Work\devjam-2018\VERSION
7 silly initialize attempt
8 info current version 0.1.4
9 silly isDetachedHead
10 silly getCurrentBranch
11 verbose getCurrentBranch master
12 verbose isDetachedHead false
13 silly getCurrentBranch
14 verbose getCurrentBranch master
15 silly getUpdates
16 info Checking for updated packages...
17 silly hasTags
18 verbose hasTags true
19 silly getLastTag
20 verbose getLastTag v0.1.4
21 info Comparing with v0.1.4.
22 silly diffSinceIn v0.1.4 packages/dj-api-server
23 silly diff packages/dj-api-server/index.js
24 silly diffSinceIn v0.1.4 packages/dj-greeter
25 silly diff packages/dj-greeter/index.js
26 silly diffSinceIn v0.1.4 packages/dj-ultra-greeter
27 silly diff
28 verbose updated dj-api-server
29 verbose updated dj-greeter
30 info Checking for prereleased packages...
31 silly collectDependents
32 silly isPackageDependentOf dj-api-server dj-api-server
33 silly isPackageDependentOf dj-ultra-greeter dj-api-server
34 silly isPackageDependentOf dj-greeter dj-api-server
35 silly isPackageDependentOf dj-api-server dj-greeter
36 silly isPackageDependentOf dj-ultra-greeter dj-greeter
37 verbose dependent dj-api-server depends on dj-greeter
38 silly isPackageDependentOf dj-greeter dj-api-server
39 silly isPackageDependentOf dj-greeter dj-greeter
40 silly isPackageDependentOf dj-ultra-greeter dj-api-server
41 silly isPackageDependentOf dj-ultra-greeter dj-greeter
42 verbose dependent dj-ultra-greeter depends on dj-greeter
43 silly collectUpdates
44 verbose has filtered update dj-api-server
45 verbose has filtered update dj-greeter
46 verbose has filtered update dj-ultra-greeter
47 silly initialize success
48 silly execute attempt
49 silly addFile c:\Work\devjam-2018\lerna.json
50 silly runScriptSync preversion devjam-2018
51 silly runScriptSync preversion dj-api-server
52 silly runScriptSync version dj-api-server
53 silly runScriptSync preversion dj-greeter
54 silly runScriptSync version dj-greeter
55 silly runScriptSync preversion dj-ultra-greeter
56 silly runScriptSync version dj-ultra-greeter
57 silly runScriptSync version devjam-2018
58 silly addFile c:\Work\devjam-2018\packages\dj-api-server\package.json
59 silly addFile c:\Work\devjam-2018\packages\dj-greeter\package.json
60 silly addFile c:\Work\devjam-2018\packages\dj-ultra-greeter\package.json
61 silly commit v1.0.0
62 verbose commit [ 'commit', '--no-verify', '-m', 'v1.0.0' ]
63 silly addTag v1.0.0
64 silly runScriptSync postversion dj-api-server
65 silly runScriptSync postversion dj-greeter
66 silly runScriptSync postversion dj-ultra-greeter
67 silly runScriptSync postversion devjam-2018
68 info publish Publishing packages to npm...
69 silly existsSync c:\Work\devjam-2018\packages\dj-api-server\scripts\prepublish.js
70 verbose execScript No prepublish script found at c:\Work\devjam-2018\packages\dj-api-server\scripts\prepublish.js
71 silly existsSync c:\Work\devjam-2018\packages\dj-greeter\scripts\prepublish.js
72 verbose execScript No prepublish script found at c:\Work\devjam-2018\packages\dj-greeter\scripts\prepublish.js
73 silly existsSync c:\Work\devjam-2018\packages\dj-ultra-greeter\scripts\prepublish.js
74 verbose execScript No prepublish script found at c:\Work\devjam-2018\packages\dj-ultra-greeter\scripts\prepublish.js
75 verbose publishing dj-greeter
76 silly publishTaggedInDir latest dj-greeter
77 silly getExecOpts { cwd: 'c:\\Work\\devjam-2018\\packages\\dj-greeter' }
78 error publish Retrying failed publish: dj-greeter
79 verbose publish error undefined
80 verbose publishing dj-greeter
81 silly publishTaggedInDir latest dj-greeter
82 silly getExecOpts { cwd: 'c:\\Work\\devjam-2018\\packages\\dj-greeter' }
83 error publish Retrying failed publish: dj-greeter
84 verbose publish error undefined
85 verbose publishing dj-greeter
86 silly publishTaggedInDir latest dj-greeter
87 silly getExecOpts { cwd: 'c:\\Work\\devjam-2018\\packages\\dj-greeter' }
88 error publish Retrying failed publish: dj-greeter
89 verbose publish error undefined
90 verbose publishing dj-greeter
91 silly publishTaggedInDir latest dj-greeter
92 silly getExecOpts { cwd: 'c:\\Work\\devjam-2018\\packages\\dj-greeter' }
93 error publish Retrying failed publish: dj-greeter
94 verbose publish error undefined
95 verbose publishing dj-greeter
96 silly publishTaggedInDir latest dj-greeter
97 silly getExecOpts { cwd: 'c:\\Work\\devjam-2018\\packages\\dj-greeter' }
98 error publish Ran out of retries while publishing dj-greeter Error: Command failed: yarn publish --tag latest --new-version 1.0.0
98 error publish warning ..\package.json: No license field
98 error publish error Couldn't publish package.
98 error publish yarn publish v1.6.0
98 error publish [1/4] Bumping version...
98 error publish info Current version: 1.0.0
98 error publish [2/4] Logging in...
98 error publish [3/4] Publishing...
98 error publish info Visit https://yarnpkg.com/en/docs/cli/publish for documentation about this command.
98 error publish
98 error publish     at Promise.all.then.arr (C:\Users\user\AppData\Local\Yarn\Data\global\node_modules\lerna\node_modules\execa\index.js:236:11)
98 error publish     at <anonymous>
98 error publish     at process._tickCallback (internal/process/next_tick.js:188:7)
99 error execute callback with error
100 error Error: Command failed: yarn publish --tag latest --new-version 1.0.0
100 error warning ..\package.json: No license field
100 error error Couldn't publish package.
100 error yarn publish v1.6.0
100 error [1/4] Bumping version...
100 error info Current version: 1.0.0
100 error [2/4] Logging in...
100 error [3/4] Publishing...
100 error info Visit https://yarnpkg.com/en/docs/cli/publish for documentation about this command.
100 error
100 error     at Promise.all.then.arr (C:\Users\user\AppData\Local\Yarn\Data\global\node_modules\lerna\node_modules\execa\index.js:236:11)
100 error     at <anonymous>
